\BOOKMARK [0][-]{chapter.1}{Introducci\363n}{}% 1
\BOOKMARK [1][-]{section.1.1}{Problematica}{chapter.1}% 2
\BOOKMARK [2][-]{subsection.1.1.1}{Ingenier\355a es el \341rea con mayor tasa de abandono escolar universitario, particularmente aquellas vinculadas con la inform\341tica}{section.1.1}% 3
\BOOKMARK [2][-]{subsection.1.1.2}{Problemas del aprendizaje de la programaci\363n orientada a objetos}{section.1.1}% 4
\BOOKMARK [1][-]{section.1.2}{Objetivo general}{chapter.1}% 5
\BOOKMARK [1][-]{section.1.3}{Objetivos espec\355ficos}{chapter.1}% 6
\BOOKMARK [1][-]{section.1.4}{Justificaci\363n}{chapter.1}% 7
\BOOKMARK [2][-]{subsection.1.4.1}{Las TIC en la educaci\363n}{section.1.4}% 8
\BOOKMARK [2][-]{subsection.1.4.2}{M-Learning en la educaci\363n}{section.1.4}% 9
\BOOKMARK [2][-]{subsection.1.4.3}{La importancia de la programaci\363n orientada a objetos}{section.1.4}% 10
\BOOKMARK [0][-]{chapter.2}{Estado del arte}{}% 11
\BOOKMARK [0][-]{chapter.3}{Marco te\363rico}{}% 12
\BOOKMARK [1][-]{section.3.1}{Programaci\363n Orientada a Objetos}{chapter.3}% 13
\BOOKMARK [1][-]{section.3.2}{Programa}{chapter.3}% 14
\BOOKMARK [1][-]{section.3.3}{Tipo de dato}{chapter.3}% 15
\BOOKMARK [1][-]{section.3.4}{Objeto}{chapter.3}% 16
\BOOKMARK [1][-]{section.3.5}{Clase}{chapter.3}% 17
\BOOKMARK [1][-]{section.3.6}{Encapsulaci\363n}{chapter.3}% 18
\BOOKMARK [1][-]{section.3.7}{Abstracci\363n}{chapter.3}% 19
\BOOKMARK [1][-]{section.3.8}{Objetos}{chapter.3}% 20
\BOOKMARK [1][-]{section.3.9}{Polimorfismo}{chapter.3}% 21
\BOOKMARK [1][-]{section.3.10}{Herencia}{chapter.3}% 22
\BOOKMARK [1][-]{section.3.11}{Atributos}{chapter.3}% 23
\BOOKMARK [1][-]{section.3.12}{M\351todos}{chapter.3}% 24
\BOOKMARK [1][-]{section.3.13}{Algoritmo}{chapter.3}% 25
\BOOKMARK [1][-]{section.3.14}{Variable}{chapter.3}% 26
\BOOKMARK [1][-]{section.3.15}{Constante}{chapter.3}% 27
\BOOKMARK [1][-]{section.3.16}{Par\341metros formales}{chapter.3}% 28
\BOOKMARK [1][-]{section.3.17}{Java}{chapter.3}% 29
\BOOKMARK [1][-]{section.3.18}{Android}{chapter.3}% 30
\BOOKMARK [1][-]{section.3.19}{SQLite}{chapter.3}% 31
\BOOKMARK [1][-]{section.3.20}{Material Design}{chapter.3}% 32
\BOOKMARK [1][-]{section.3.21}{Git}{chapter.3}% 33
\BOOKMARK [1][-]{section.3.22}{UML}{chapter.3}% 34
\BOOKMARK [1][-]{section.3.23}{Android Studio}{chapter.3}% 35
\BOOKMARK [0][-]{chapter.4}{Desarrollo}{}% 36
\BOOKMARK [1][-]{section.4.1}{Recursos}{chapter.4}% 37
\BOOKMARK [2][-]{subsection.4.1.1}{Recursos humanos}{section.4.1}% 38
\BOOKMARK [2][-]{subsection.4.1.2}{Recursos materiales}{section.4.1}% 39
\BOOKMARK [2][-]{subsection.4.1.3}{Recursos tecnol\363gicos}{section.4.1}% 40
\BOOKMARK [2][-]{subsection.4.1.4}{Recursos administrativos}{section.4.1}% 41
\BOOKMARK [1][-]{section.4.2}{Diagrama de Gantt}{chapter.4}% 42
\BOOKMARK [1][-]{section.4.3}{Encuesta}{chapter.4}% 43
\BOOKMARK [1][-]{section.4.4}{Historias de usuario}{chapter.4}% 44
\BOOKMARK [1][-]{section.4.5}{Grafica de quemado}{chapter.4}% 45
\BOOKMARK [1][-]{section.4.6}{Maquetado}{chapter.4}% 46
\BOOKMARK [1][-]{section.4.7}{Plan de pruebas}{chapter.4}% 47
\BOOKMARK [0][-]{chapter.5}{Resultados}{}% 48
